<?xml version="1.0" encoding="UTF-8"?>
<testsuite name="ru.petrov.fintech.AppTest" tests="1" skipped="0" failures="0" errors="0" timestamp="2023-09-20T15:57:23" hostname="DESKTOP-HB608QO" time="0.015">
  <properties/>
  <testcase name="appHasAGreeting()" classname="ru.petrov.fintech.AppTest" time="0.015"/>
  <system-out><![CDATA[]]></system-out>
  <system-err><![CDATA[]]></system-err>
</testsuite>
